2020-03-13 16:07:43,289 [INFO] from play.api.http.EnabledFilters in play-dev-mode-akka.actor.default-dispatcher-4 - Enabled Filters (see <https://www.playframework.com/documentation/latest/Filters>):

    play.filters.csrf.CSRFFilter
    play.filters.headers.SecurityHeadersFilter
    play.filters.hosts.AllowedHostsFilter

2020-03-13 16:07:43,348 [INFO] from play.api.Play in play-dev-mode-akka.actor.default-dispatcher-4 - Application started (Dev) (no global state)
2020-03-13 16:13:16,373 [WARN] from play.filters.hosts.AllowedHostsFilter in application-akka.actor.default-dispatcher-7 - Host not allowed: localhost:9000
2020-03-13 16:13:26,791 [WARN] from play.filters.hosts.AllowedHostsFilter in application-akka.actor.default-dispatcher-7 - Host not allowed: localhost:9000
2020-03-13 16:13:52,856 [INFO] from play.api.http.EnabledFilters in play-dev-mode-akka.actor.default-dispatcher-19 - Enabled Filters (see <https://www.playframework.com/documentation/latest/Filters>):

    play.filters.csrf.CSRFFilter
    play.filters.headers.SecurityHeadersFilter
    play.filters.hosts.AllowedHostsFilter

2020-03-13 16:13:52,869 [INFO] from play.api.Play in play-dev-mode-akka.actor.default-dispatcher-19 - Application started (Dev) (no global state)
2020-03-13 16:14:08,450 [INFO] from play.api.http.EnabledFilters in play-dev-mode-akka.actor.default-dispatcher-25 - Enabled Filters (see <https://www.playframework.com/documentation/latest/Filters>):

    play.filters.csrf.CSRFFilter
    play.filters.headers.SecurityHeadersFilter
    play.filters.hosts.AllowedHostsFilter

2020-03-13 16:14:08,462 [INFO] from play.api.Play in play-dev-mode-akka.actor.default-dispatcher-25 - Application started (Dev) (no global state)
2020-03-13 16:18:03,978 [INFO] from play.api.http.EnabledFilters in play-dev-mode-akka.actor.default-dispatcher-98 - Enabled Filters (see <https://www.playframework.com/documentation/latest/Filters>):

    play.filters.csrf.CSRFFilter
    play.filters.headers.SecurityHeadersFilter
    play.filters.hosts.AllowedHostsFilter

2020-03-13 16:18:03,988 [INFO] from play.api.Play in play-dev-mode-akka.actor.default-dispatcher-98 - Application started (Dev) (no global state)
2020-03-13 16:19:29,326 [ERROR] from akka.actor.OneForOneStrategy in application-akka.actor.default-dispatcher-7 - Actor class [play.mvc.WebSocket] must not be abstract
akka.actor.ActorInitializationException: akka://application/user/$a: exception during creation
	at akka.actor.ActorInitializationException$.apply(Actor.scala:195)
	at akka.actor.ActorCell.create(ActorCell.scala:657)
	at akka.actor.ActorCell.invokeAll$1(ActorCell.scala:509)
	at akka.actor.ActorCell.systemInvoke(ActorCell.scala:531)
	at akka.dispatch.Mailbox.processAllSystemMessages(Mailbox.scala:294)
	at akka.dispatch.Mailbox.run(Mailbox.scala:229)
	at akka.dispatch.Mailbox.exec(Mailbox.scala:242)
	at java.util.concurrent.ForkJoinTask.doExec(ForkJoinTask.java:289)
	at java.util.concurrent.ForkJoinPool$WorkQueue.runTask(ForkJoinPool.java:1056)
	at java.util.concurrent.ForkJoinPool.runWorker(ForkJoinPool.java:1692)
	at java.util.concurrent.ForkJoinWorkerThread.run(ForkJoinWorkerThread.java:157)
Caused by: java.lang.IllegalArgumentException: Actor class [play.mvc.WebSocket] must not be abstract
	at akka.actor.AbstractProps.validate(AbstractProps.scala:25)
	at akka.actor.AbstractProps.validate$(AbstractProps.scala:23)
	at akka.actor.Props$.validate(Props.scala:22)
	at akka.actor.Props.<init>(Props.scala:116)
	at akka.actor.AbstractProps.create(AbstractProps.scala:32)
	at akka.actor.AbstractProps.create$(AbstractProps.scala:31)
	at akka.actor.Props$.create(Props.scala:22)
	at akka.actor.AbstractProps.create(AbstractProps.scala:31)
	at akka.actor.AbstractProps.create$(AbstractProps.scala:31)
	at akka.actor.Props$.create(Props.scala:22)
	at akka.actor.Props.create(Props.scala)
	at actor.MyWebSocketActor.props(MyWebSocketActor.java:9)
	at play.libs.streams.ActorFlow$2.apply(ActorFlow.java:97)
	at play.libs.streams.ActorFlow$2.apply(ActorFlow.java:94)
	at play.api.libs.streams.ActorFlow$$anon$1.<init>(ActorFlow.scala:50)
	at play.api.libs.streams.ActorFlow$.$anonfun$actorRef$1(ActorFlow.scala:49)
	at akka.actor.TypedCreatorFunctionConsumer.produce(IndirectActorProducer.scala:90)
	at akka.actor.Props.newActor(Props.scala:226)
	at akka.actor.ActorCell.newActor(ActorCell.scala:609)
	at akka.actor.ActorCell.create(ActorCell.scala:635)
	... 9 common frames omitted
2020-03-13 16:20:56,297 [ERROR] from akka.actor.OneForOneStrategy in application-akka.actor.default-dispatcher-10 - Actor class [play.mvc.WebSocket] must not be abstract
akka.actor.ActorInitializationException: akka://application/user/$b: exception during creation
	at akka.actor.ActorInitializationException$.apply(Actor.scala:195)
	at akka.actor.ActorCell.create(ActorCell.scala:657)
	at akka.actor.ActorCell.invokeAll$1(ActorCell.scala:509)
	at akka.actor.ActorCell.systemInvoke(ActorCell.scala:531)
	at akka.dispatch.Mailbox.processAllSystemMessages(Mailbox.scala:294)
	at akka.dispatch.Mailbox.run(Mailbox.scala:229)
	at akka.dispatch.Mailbox.exec(Mailbox.scala:242)
	at java.util.concurrent.ForkJoinTask.doExec(ForkJoinTask.java:289)
	at java.util.concurrent.ForkJoinPool$WorkQueue.runTask(ForkJoinPool.java:1056)
	at java.util.concurrent.ForkJoinPool.runWorker(ForkJoinPool.java:1692)
	at java.util.concurrent.ForkJoinWorkerThread.run(ForkJoinWorkerThread.java:157)
Caused by: java.lang.IllegalArgumentException: Actor class [play.mvc.WebSocket] must not be abstract
	at akka.actor.AbstractProps.validate(AbstractProps.scala:25)
	at akka.actor.AbstractProps.validate$(AbstractProps.scala:23)
	at akka.actor.Props$.validate(Props.scala:22)
	at akka.actor.Props.<init>(Props.scala:116)
	at akka.actor.AbstractProps.create(AbstractProps.scala:32)
	at akka.actor.AbstractProps.create$(AbstractProps.scala:31)
	at akka.actor.Props$.create(Props.scala:22)
	at akka.actor.AbstractProps.create(AbstractProps.scala:31)
	at akka.actor.AbstractProps.create$(AbstractProps.scala:31)
	at akka.actor.Props$.create(Props.scala:22)
	at akka.actor.Props.create(Props.scala)
	at actor.MyWebSocketActor.props(MyWebSocketActor.java:9)
	at play.libs.streams.ActorFlow$2.apply(ActorFlow.java:97)
	at play.libs.streams.ActorFlow$2.apply(ActorFlow.java:94)
	at play.api.libs.streams.ActorFlow$$anon$1.<init>(ActorFlow.scala:50)
	at play.api.libs.streams.ActorFlow$.$anonfun$actorRef$1(ActorFlow.scala:49)
	at akka.actor.TypedCreatorFunctionConsumer.produce(IndirectActorProducer.scala:90)
	at akka.actor.Props.newActor(Props.scala:226)
	at akka.actor.ActorCell.newActor(ActorCell.scala:609)
	at akka.actor.ActorCell.create(ActorCell.scala:635)
	... 9 common frames omitted
2020-03-13 16:21:18,885 [ERROR] from akka.actor.OneForOneStrategy in application-akka.actor.default-dispatcher-10 - Actor class [play.mvc.WebSocket] must not be abstract
akka.actor.ActorInitializationException: akka://application/user/$c: exception during creation
	at akka.actor.ActorInitializationException$.apply(Actor.scala:195)
	at akka.actor.ActorCell.create(ActorCell.scala:657)
	at akka.actor.ActorCell.invokeAll$1(ActorCell.scala:509)
	at akka.actor.ActorCell.systemInvoke(ActorCell.scala:531)
	at akka.dispatch.Mailbox.processAllSystemMessages(Mailbox.scala:294)
	at akka.dispatch.Mailbox.run(Mailbox.scala:229)
	at akka.dispatch.Mailbox.exec(Mailbox.scala:242)
	at java.util.concurrent.ForkJoinTask.doExec(ForkJoinTask.java:289)
	at java.util.concurrent.ForkJoinPool$WorkQueue.runTask(ForkJoinPool.java:1056)
	at java.util.concurrent.ForkJoinPool.runWorker(ForkJoinPool.java:1692)
	at java.util.concurrent.ForkJoinWorkerThread.run(ForkJoinWorkerThread.java:157)
Caused by: java.lang.IllegalArgumentException: Actor class [play.mvc.WebSocket] must not be abstract
	at akka.actor.AbstractProps.validate(AbstractProps.scala:25)
	at akka.actor.AbstractProps.validate$(AbstractProps.scala:23)
	at akka.actor.Props$.validate(Props.scala:22)
	at akka.actor.Props.<init>(Props.scala:116)
	at akka.actor.AbstractProps.create(AbstractProps.scala:32)
	at akka.actor.AbstractProps.create$(AbstractProps.scala:31)
	at akka.actor.Props$.create(Props.scala:22)
	at akka.actor.AbstractProps.create(AbstractProps.scala:31)
	at akka.actor.AbstractProps.create$(AbstractProps.scala:31)
	at akka.actor.Props$.create(Props.scala:22)
	at akka.actor.Props.create(Props.scala)
	at actor.MyWebSocketActor.props(MyWebSocketActor.java:9)
	at play.libs.streams.ActorFlow$2.apply(ActorFlow.java:97)
	at play.libs.streams.ActorFlow$2.apply(ActorFlow.java:94)
	at play.api.libs.streams.ActorFlow$$anon$1.<init>(ActorFlow.scala:50)
	at play.api.libs.streams.ActorFlow$.$anonfun$actorRef$1(ActorFlow.scala:49)
	at akka.actor.TypedCreatorFunctionConsumer.produce(IndirectActorProducer.scala:90)
	at akka.actor.Props.newActor(Props.scala:226)
	at akka.actor.ActorCell.newActor(ActorCell.scala:609)
	at akka.actor.ActorCell.create(ActorCell.scala:635)
	... 9 common frames omitted
2020-03-13 16:28:39,657 [WARN] from akka.actor.ActorSystemImpl in play-dev-mode-akka.actor.default-dispatcher-118 - Illegal request, responding with status '400 Bad Request': Unsupported HTTP method: The HTTP method started with 0x16 rather than any known HTTP method. Perhaps this was an HTTPS request sent to an HTTP endpoint?
2020-03-13 16:28:43,989 [WARN] from akka.actor.ActorSystemImpl in play-dev-mode-akka.actor.default-dispatcher-121 - Illegal request, responding with status '400 Bad Request': Unsupported HTTP method: The HTTP method started with 0x16 rather than any known HTTP method. Perhaps this was an HTTPS request sent to an HTTP endpoint?
2020-03-13 16:32:48,755 [ERROR] from akka.actor.OneForOneStrategy in application-akka.actor.default-dispatcher-27 - Actor class [play.mvc.WebSocket] must not be abstract
akka.actor.ActorInitializationException: akka://application/user/$d: exception during creation
	at akka.actor.ActorInitializationException$.apply(Actor.scala:195)
	at akka.actor.ActorCell.create(ActorCell.scala:657)
	at akka.actor.ActorCell.invokeAll$1(ActorCell.scala:509)
	at akka.actor.ActorCell.systemInvoke(ActorCell.scala:531)
	at akka.dispatch.Mailbox.processAllSystemMessages(Mailbox.scala:294)
	at akka.dispatch.Mailbox.run(Mailbox.scala:229)
	at akka.dispatch.Mailbox.exec(Mailbox.scala:242)
	at java.util.concurrent.ForkJoinTask.doExec(ForkJoinTask.java:289)
	at java.util.concurrent.ForkJoinPool$WorkQueue.runTask(ForkJoinPool.java:1056)
	at java.util.concurrent.ForkJoinPool.runWorker(ForkJoinPool.java:1692)
	at java.util.concurrent.ForkJoinWorkerThread.run(ForkJoinWorkerThread.java:157)
Caused by: java.lang.IllegalArgumentException: Actor class [play.mvc.WebSocket] must not be abstract
	at akka.actor.AbstractProps.validate(AbstractProps.scala:25)
	at akka.actor.AbstractProps.validate$(AbstractProps.scala:23)
	at akka.actor.Props$.validate(Props.scala:22)
	at akka.actor.Props.<init>(Props.scala:116)
	at akka.actor.AbstractProps.create(AbstractProps.scala:32)
	at akka.actor.AbstractProps.create$(AbstractProps.scala:31)
	at akka.actor.Props$.create(Props.scala:22)
	at akka.actor.AbstractProps.create(AbstractProps.scala:31)
	at akka.actor.AbstractProps.create$(AbstractProps.scala:31)
	at akka.actor.Props$.create(Props.scala:22)
	at akka.actor.Props.create(Props.scala)
	at actor.MyWebSocketActor.props(MyWebSocketActor.java:9)
	at play.libs.streams.ActorFlow$2.apply(ActorFlow.java:97)
	at play.libs.streams.ActorFlow$2.apply(ActorFlow.java:94)
	at play.api.libs.streams.ActorFlow$$anon$1.<init>(ActorFlow.scala:50)
	at play.api.libs.streams.ActorFlow$.$anonfun$actorRef$1(ActorFlow.scala:49)
	at akka.actor.TypedCreatorFunctionConsumer.produce(IndirectActorProducer.scala:90)
	at akka.actor.Props.newActor(Props.scala:226)
	at akka.actor.ActorCell.newActor(ActorCell.scala:609)
	at akka.actor.ActorCell.create(ActorCell.scala:635)
	... 9 common frames omitted
2020-03-13 16:32:51,360 [ERROR] from akka.actor.OneForOneStrategy in application-akka.actor.default-dispatcher-27 - Actor class [play.mvc.WebSocket] must not be abstract
akka.actor.ActorInitializationException: akka://application/user/$e: exception during creation
	at akka.actor.ActorInitializationException$.apply(Actor.scala:195)
	at akka.actor.ActorCell.create(ActorCell.scala:657)
	at akka.actor.ActorCell.invokeAll$1(ActorCell.scala:509)
	at akka.actor.ActorCell.systemInvoke(ActorCell.scala:531)
	at akka.dispatch.Mailbox.processAllSystemMessages(Mailbox.scala:294)
	at akka.dispatch.Mailbox.run(Mailbox.scala:229)
	at akka.dispatch.Mailbox.exec(Mailbox.scala:242)
	at java.util.concurrent.ForkJoinTask.doExec(ForkJoinTask.java:289)
	at java.util.concurrent.ForkJoinPool$WorkQueue.runTask(ForkJoinPool.java:1056)
	at java.util.concurrent.ForkJoinPool.runWorker(ForkJoinPool.java:1692)
	at java.util.concurrent.ForkJoinWorkerThread.run(ForkJoinWorkerThread.java:157)
Caused by: java.lang.IllegalArgumentException: Actor class [play.mvc.WebSocket] must not be abstract
	at akka.actor.AbstractProps.validate(AbstractProps.scala:25)
	at akka.actor.AbstractProps.validate$(AbstractProps.scala:23)
	at akka.actor.Props$.validate(Props.scala:22)
	at akka.actor.Props.<init>(Props.scala:116)
	at akka.actor.AbstractProps.create(AbstractProps.scala:32)
	at akka.actor.AbstractProps.create$(AbstractProps.scala:31)
	at akka.actor.Props$.create(Props.scala:22)
	at akka.actor.AbstractProps.create(AbstractProps.scala:31)
	at akka.actor.AbstractProps.create$(AbstractProps.scala:31)
	at akka.actor.Props$.create(Props.scala:22)
	at akka.actor.Props.create(Props.scala)
	at actor.MyWebSocketActor.props(MyWebSocketActor.java:9)
	at play.libs.streams.ActorFlow$2.apply(ActorFlow.java:97)
	at play.libs.streams.ActorFlow$2.apply(ActorFlow.java:94)
	at play.api.libs.streams.ActorFlow$$anon$1.<init>(ActorFlow.scala:50)
	at play.api.libs.streams.ActorFlow$.$anonfun$actorRef$1(ActorFlow.scala:49)
	at akka.actor.TypedCreatorFunctionConsumer.produce(IndirectActorProducer.scala:90)
	at akka.actor.Props.newActor(Props.scala:226)
	at akka.actor.ActorCell.newActor(ActorCell.scala:609)
	at akka.actor.ActorCell.create(ActorCell.scala:635)
	... 9 common frames omitted
2020-03-13 16:53:58,719 [INFO] from play.core.server.AkkaHttpServer in play-dev-mode-shutdown-hook-1 - Stopping Akka HTTP server...
2020-03-13 16:53:58,721 [INFO] from play.core.server.AkkaHttpServer in play-dev-mode-akka.actor.internal-dispatcher-158 - Terminating server binding for /0:0:0:0:0:0:0:0:9000
2020-03-13 16:53:58,751 [INFO] from play.core.server.AkkaHttpServer in play-dev-mode-akka.actor.internal-dispatcher-182 - Running provided shutdown stop hooks
